2024-02-19T19:56:00.838Z [info]: User testregistration has been created.
2024-02-19T19:56:00.838Z [error]: authenticatedUser Entered Invalid Credentials
2024-02-19T19:56:00.843Z [error]: unknownUser Entered Invalid Credentials
2024-02-19T19:56:36.170Z [error]: authenticatedUser Entered Invalid Credentials
2024-02-19T19:56:36.210Z [info]: User testregistration has been created.
2024-02-19T19:56:36.175Z [error]: unknownUser Entered Invalid Credentials
2024-02-19T19:56:49.303Z [error]: authenticatedUser Entered Invalid Credentials
2024-02-19T19:56:49.399Z [info]: User testregistration has been created.
2024-02-19T19:56:49.309Z [error]: unknownUser Entered Invalid Credentials
2024-02-19T19:56:49.400Z [info]: User testusername has been created.
2024-02-19T19:57:49.620Z [error]: authenticatedUser Entered Invalid Credentials
2024-02-19T19:57:49.719Z [info]: User testregistration has been created.
2024-02-19T19:57:49.626Z [error]: unknownUser Entered Invalid Credentials
2024-02-19T19:57:49.719Z [info]: User authenticatedUser has been created.
2024-02-19T19:58:42.216Z [error]: authenticatedUser Entered Invalid Credentials
2024-02-19T19:58:42.314Z [info]: User testregistration has been created.
2024-02-19T19:58:42.222Z [error]: unknownUser Entered Invalid Credentials
2024-02-19T19:58:42.314Z [info]: User authenticatedUser has been created.
2024-02-19T20:00:42.982Z [error]: authenticatedUser Entered Invalid Credentials
2024-02-19T20:00:43.078Z [info]: User testregistration has been created.
2024-02-19T20:00:42.987Z [error]: unknownUser Entered Invalid Credentials
2024-02-19T20:00:43.079Z [info]: User authenticatedUser has been created.
2024-02-19T20:02:30.003Z [error]: authenticatedUser Entered Invalid Credentials
2024-02-19T20:02:30.100Z [info]: User testregistration has been created.
2024-02-19T20:02:30.008Z [error]: unknownUser Entered Invalid Credentials
2024-02-19T20:02:30.101Z [info]: User testregistration has been created.
2024-02-19T20:05:10.510Z [error]: authenticatedUser Entered Invalid Credentials
2024-02-19T20:05:10.516Z [error]: unknownUser Entered Invalid Credentials
2024-02-19T20:06:28.515Z [error]: authenticatedUser Entered Invalid Credentials
2024-02-19T20:06:28.627Z [info]: User testregistration has been created.
2024-02-19T20:06:28.520Z [error]: unknownUser Entered Invalid Credentials
2024-02-19T20:06:28.627Z [info]: User testregistration has been created.
2024-02-19T20:06:59.731Z [error]: authenticatedUser Entered Invalid Credentials
2024-02-19T20:06:59.830Z [info]: User testregistration has been created.
2024-02-19T20:06:59.736Z [error]: unknownUser Entered Invalid Credentials
2024-02-19T20:06:59.831Z [info]: User testregistration has been created.
2024-02-19T20:07:22.909Z [error]: authenticatedUser Entered Invalid Credentials
2024-02-19T20:07:23.009Z [info]: User testregistration has been created.
2024-02-19T20:07:22.915Z [error]: unknownUser Entered Invalid Credentials
2024-02-19T20:07:23.009Z [info]: User testregistration has been created.
2024-02-19T20:09:43.917Z [info]: User testregistration has been created.
2024-02-19T20:09:43.869Z [error]: authenticatedUser Entered Invalid Credentials
2024-02-19T20:09:43.918Z [info]: User testregistration has been created.
2024-02-19T20:09:43.874Z [error]: unknownUser Entered Invalid Credentials
2024-02-19T20:10:15.806Z [error]: authenticatedUser Entered Invalid Credentials
2024-02-19T20:10:15.918Z [info]: User testregistration has been created.
2024-02-19T20:10:15.812Z [error]: unknownUser Entered Invalid Credentials
2024-02-19T20:10:15.918Z [info]: User testregistration has been created.
2024-02-19T20:11:37.173Z [error]: authenticatedUser Entered Invalid Credentials
2024-02-19T20:11:37.178Z [error]: unknownUser Entered Invalid Credentials
2024-02-19T20:13:27.446Z [error]: authenticatedUser Entered Invalid Credentials
2024-02-19T20:13:27.452Z [error]: unknownUser Entered Invalid Credentials
2024-02-19T20:13:41.946Z [error]: authenticatedUser Entered Invalid Credentials
2024-02-19T20:13:42.058Z [info]: User testregistration has been created.
2024-02-19T20:13:41.952Z [error]: unknownUser Entered Invalid Credentials
2024-02-19T20:13:42.059Z [error]: testregistration is not available.
2024-02-19T20:14:32.088Z [info]: User testregistration has been created.
2024-02-19T20:14:32.090Z [error]: testregistration is not available.
2024-02-19T20:15:05.147Z [error]: authenticatedUser Entered Invalid Credentials
2024-02-19T20:15:05.190Z [info]: User testregistration has been created.
2024-02-19T20:15:05.152Z [error]: unknownUser Entered Invalid Credentials
2024-02-19T20:15:05.190Z [error]: testregistration is not available.
2024-02-19T20:15:30.108Z [error]: authenticatedUser1 Entered Invalid Credentials
2024-02-19T20:15:30.150Z [info]: User testregistration has been created.
2024-02-19T20:15:30.113Z [error]: unknownUser Entered Invalid Credentials
2024-02-19T20:15:30.151Z [error]: testregistration is not available.
2024-02-19T20:16:03.238Z [info]: authenticatedUser1 has successfully logged in.
2024-02-19T20:16:03.270Z [info]: User testregistration has been created.
2024-02-19T20:16:03.240Z [error]: unknownUser Entered Invalid Credentials
2024-02-19T20:16:03.271Z [error]: testregistration is not available.
2024-02-19T20:35:18.930Z [info]: authenticatedUser1 has successfully logged in.
2024-02-19T20:35:18.958Z [info]: User testregistration has been created.
2024-02-19T20:35:18.932Z [error]: unknownUser Entered Invalid Credentials
2024-02-19T20:35:18.958Z [error]: testregistration is not available.
2024-02-19T21:06:02.961Z [error]: Uncaught Exception: SyntaxError: Expected double-quoted property name in JSON at position 61
2024-02-19T21:10:02.575Z [info]: User postmanUser has been created.
2024-02-19T21:11:02.725Z [error]: postmanUser is not available.
2024-02-19T21:11:53.939Z [error]: postmanUser is not available.
2024-02-19T21:13:43.671Z [info]: User postmanUser has been created.
2024-02-19T21:13:48.874Z [error]: postmanUser is not available.
2024-02-19T21:15:33.793Z [info]: User postmanUser has been created.
2024-02-19T21:15:47.737Z [info]: User postmanUser has been created.
2024-02-19T21:16:36.891Z [info]: User postmanUser has been created.
